<?xml version="1.0" encoding="UTF-8"?>
<!-- Generated by org.testng.reporters.JUnitReportReporter -->
<testsuite hostname="Keshavaraj" failures="0" tests="2" name="testRunner.BlazedemoTest" time="25.651" errors="0" timestamp="2023-03-02T22:39:43 IST" skipped="0">
  <testcase classname="testRunner.BlazedemoTest" name="runScenario" time="10.072"/>
  <system-out/>
  <testcase classname="testRunner.BlazedemoTest" name="runScenario" time="15.579"/>
  <system-out>
    <![CDATA[Id=1677776982815]]>
  </system-out>
</testsuite> <!-- testRunner.BlazedemoTest -->
