<?xml version="1.0" encoding="UTF-8"?>
<!-- Generated by org.testng.reporters.JUnitReportReporter -->
<testsuite hostname="Keshavaraj" failures="0" tests="2" name="testRunner.BlazedemoTest2" time="23.324" errors="0" timestamp="2023-03-03T12:36:13 IST" skipped="0">
  <testcase classname="testRunner.BlazedemoTest2" name="runScenario" time="11.086"/>
  <system-out/>
  <testcase classname="testRunner.BlazedemoTest2" name="runScenario" time="12.238"/>
  <system-out/>
</testsuite> <!-- testRunner.BlazedemoTest2 -->
