<?xml version="1.0" encoding="UTF-8"?>
<!-- Generated by org.testng.reporters.JUnitReportReporter -->
<testsuite hostname="Keshavaraj" failures="0" tests="2" name="testRunner.BlazedemoTest1" time="62.137" errors="0" timestamp="2023-03-12T14:46:25 IST" skipped="0">
  <testcase classname="testRunner.BlazedemoTest1" name="runScenario" time="30.927"/>
  <system-out/>
  <testcase classname="testRunner.BlazedemoTest1" name="runScenario" time="31.210"/>
  <system-out>
    <![CDATA[Id=1678612581998]]>
  </system-out>
</testsuite> <!-- testRunner.BlazedemoTest1 -->
