<?xml version="1.0" encoding="UTF-8"?>
<!-- Generated by org.testng.reporters.JUnitReportReporter -->
<testsuite hostname="Keshavaraj" failures="0" tests="2" name="testRunner.Test1" time="33.974" errors="0" timestamp="2023-04-18T14:12:40 IST" skipped="0">
  <testcase classname="testRunner.Test1" name="runScenario" time="23.111"/>
  <system-out>
    <![CDATA[Id=1681807352219]]>
  </system-out>
  <testcase classname="testRunner.Test1" name="runScenario" time="10.863"/>
  <system-out/>
</testsuite> <!-- testRunner.Test1 -->
